<?xml version="1.0" encoding="utf-8"?><testsuites name="pytest tests"><testsuite name="pytest" errors="0" failures="0" skipped="0" tests="39" time="7.754" timestamp="2026-06-15T06:30:31.612997+00:00" hostname="agent-env-88ee42ab-ffc7-4866-81b8-75d9ff7a0bbd"><testcase classname="tests.test_family_finance.TestAuth" name="test_register_and_me" time="0.671" /><testcase classname="tests.test_family_finance.TestAuth" name="test_register_duplicate" time="0.317" /><testcase classname="tests.test_family_finance.TestAuth" name="test_login_valid_and_invalid" time="0.537" /><testcase classname="tests.test_family_finance.TestAuth" name="test_me_unauthenticated" time="0.042" /><testcase classname="tests.test_family_finance.TestMembers" name="test_auto_self_member_created" time="0.126" /><testcase classname="tests.test_family_finance.TestMembers" name="test_member_crud" time="0.222" /><testcase classname="tests.test_family_finance.TestTransactions" name="test_create_list_filter" time="0.346" /><testcase classname="tests.test_family_finance.TestTransactions" name="test_update_and_delete" time="0.261" /><testcase classname="tests.test_family_finance.TestInvestments" name="test_onetime_investment_pl" time="0.094" /><testcase classname="tests.test_family_finance.TestInvestments" name="test_recurring_investment_month_multiplier" time="0.045" /><testcase classname="tests.test_family_finance.TestInvestments" name="test_dynamic_with_value_history" time="0.141" /><testcase classname="tests.test_family_finance.TestInvestments" name="test_withdraw_and_close" time="0.262" /><testcase classname="tests.test_family_finance.TestInvestments" name="test_investment_update_and_delete" time="0.134" /><testcase classname="tests.test_family_finance.TestLoans" name="test_loan_lifecycle" time="0.386" /><testcase classname="tests.test_family_finance.TestLoans" name="test_loan_update_and_delete" time="0.170" /><testcase classname="tests.test_family_finance.TestDashboard" name="test_dashboard_aggregates" time="0.045" /><testcase classname="tests.test_family_finance.TestExport" name="test_csv_export[transactions]" time="0.046" /><testcase classname="tests.test_family_finance.TestExport" name="test_csv_export[investments]" time="0.051" /><testcase classname="tests.test_family_finance.TestExport" name="test_csv_export[loans]" time="0.045" /><testcase classname="tests.test_family_finance.TestExport" name="test_csv_invalid_kind" time="0.044" /><testcase classname="tests.test_iteration2.TestCategories" name="test_defaults_seeded_on_get" time="0.045" /><testcase classname="tests.test_iteration2.TestCategories" name="test_category_crud" time="0.217" /><testcase classname="tests.test_iteration2.TestWithdrawIncome" name="test_withdraw_creates_income_tx" time="0.338" /><testcase classname="tests.test_iteration2.TestWithdrawIncome" name="test_withdraw_without_income" time="0.262" /><testcase classname="tests.test_iteration2.TestExpectedReturnType" name="test_round_trip_percent_to_amount" time="0.180" /><testcase classname="tests.test_iteration2.TestLoanCompute" name="test_compute_forward_emi" time="0.044" /><testcase classname="tests.test_iteration2.TestLoanCompute" name="test_compute_inverse_rate" time="0.044" /><testcase classname="tests.test_iteration2.TestLoanEnrichBackdated" name="test_backdated_loan_enrich" time="0.046" /><testcase classname="tests.test_iteration2.TestReminders" name="test_sip_reminder_and_pay" time="0.301" /><testcase classname="tests.test_iteration2.TestReminders" name="test_loan_reminder_and_pay" time="0.396" /><testcase classname="tests.test_iteration2.TestDashboardRange" name="test_date_range_filter" time="0.224" /><testcase classname="tests.test_iteration3.TestDashboardNewShape" name="test_new_fields_present_and_old_removed" time="0.049" /><testcase classname="tests.test_iteration3.TestActiveOnlyTotals" name="test_closed_investment_excluded" time="0.264" /><testcase classname="tests.test_iteration3.TestActiveOnlyTotals" name="test_closed_loan_excluded" time="0.225" /><testcase classname="tests.test_iteration3.TestRangeScoping" name="test_investments_out_of_range_excluded" time="0.180" /><testcase classname="tests.test_iteration3.TestRangeScoping" name="test_loans_out_of_range_excluded" time="0.230" /><testcase classname="tests.test_iteration3.TestMarkPaidTillNow" name="test_backdated_marks_n_months_and_idempotent" time="0.282" /><testcase classname="tests.test_iteration3.TestMarkPaidTillNow" name="test_mptn_no_op_for_future_start" time="0.092" /><testcase classname="tests.test_iteration3.TestBreakdownEmiSip" name="test_emi_sip_breakdown_populates" time="0.268" /></testsuite></testsuites>